{"/Users/luanfv/Desktop/projects/NarutoShuriken/src/helpers/index.ts": {"path":"/Users/luanfv/Desktop/projects/NarutoShuriken/src/helpers/index.ts","statementMap":{},"fnMap":{},"branchMap":{},"s":{},"f":{},"b":{}}
,"/Users/luanfv/Desktop/projects/NarutoShuriken/src/helpers/sortObjects.ts": {"path":"/Users/luanfv/Desktop/projects/NarutoShuriken/src/helpers/sortObjects.ts","statementMap":{"0":{"start":{"line":1,"column":20},"end":{"line":15,"column":1}},"1":{"start":{"line":2,"column":2},"end":{"line":4,"column":3}},"2":{"start":{"line":3,"column":4},"end":{"line":3,"column":14}},"3":{"start":{"line":6,"column":2},"end":{"line":8,"column":3}},"4":{"start":{"line":7,"column":4},"end":{"line":7,"column":51}},"5":{"start":{"line":10,"column":19},"end":{"line":12,"column":4}},"6":{"start":{"line":11,"column":4},"end":{"line":11,"column":58}},"7":{"start":{"line":14,"column":2},"end":{"line":14,"column":18}}},"fnMap":{"0":{"name":"(anonymous_0)","decl":{"start":{"line":1,"column":20},"end":{"line":1,"column":21}},"loc":{"start":{"line":1,"column":51},"end":{"line":15,"column":1}},"line":1},"1":{"name":"(anonymous_1)","decl":{"start":{"line":10,"column":30},"end":{"line":10,"column":31}},"loc":{"start":{"line":10,"column":40},"end":{"line":12,"column":3}},"line":10}},"branchMap":{"0":{"loc":{"start":{"line":2,"column":2},"end":{"line":4,"column":3}},"type":"if","locations":[{"start":{"line":2,"column":2},"end":{"line":4,"column":3}},{"start":{},"end":{}}],"line":2},"1":{"loc":{"start":{"line":6,"column":2},"end":{"line":8,"column":3}},"type":"if","locations":[{"start":{"line":6,"column":2},"end":{"line":8,"column":3}},{"start":{},"end":{}}],"line":6},"2":{"loc":{"start":{"line":6,"column":6},"end":{"line":6,"column":76}},"type":"binary-expr","locations":[{"start":{"line":6,"column":6},"end":{"line":6,"column":39}},{"start":{"line":6,"column":43},"end":{"line":6,"column":76}}],"line":6},"3":{"loc":{"start":{"line":11,"column":11},"end":{"line":11,"column":57}},"type":"cond-expr","locations":[{"start":{"line":11,"column":29},"end":{"line":11,"column":30}},{"start":{"line":11,"column":33},"end":{"line":11,"column":57}}],"line":11},"4":{"loc":{"start":{"line":11,"column":33},"end":{"line":11,"column":57}},"type":"cond-expr","locations":[{"start":{"line":11,"column":51},"end":{"line":11,"column":53}},{"start":{"line":11,"column":56},"end":{"line":11,"column":57}}],"line":11}},"s":{"0":0,"1":0,"2":0,"3":0,"4":0,"5":0,"6":0,"7":0},"f":{"0":0,"1":0},"b":{"0":[0,0],"1":[0,0],"2":[0,0],"3":[0,0],"4":[0,0]}}
,"/Users/luanfv/Desktop/projects/NarutoShuriken/src/hooks/index.tsx": {"path":"/Users/luanfv/Desktop/projects/NarutoShuriken/src/hooks/index.tsx","statementMap":{},"fnMap":{},"branchMap":{},"s":{},"f":{},"b":{}}
,"/Users/luanfv/Desktop/projects/NarutoShuriken/src/hooks/round.tsx": {"path":"/Users/luanfv/Desktop/projects/NarutoShuriken/src/hooks/round.tsx","statementMap":{"0":{"start":{"line":5,"column":17},"end":{"line":95,"column":1}},"1":{"start":{"line":6,"column":23},"end":{"line":72,"column":3}},"2":{"start":{"line":8,"column":6},"end":{"line":12,"column":7}},"3":{"start":{"line":9,"column":8},"end":{"line":11,"column":10}},"4":{"start":{"line":14,"column":35},"end":{"line":14,"column":37}},"5":{"start":{"line":15,"column":35},"end":{"line":15,"column":37}},"6":{"start":{"line":17,"column":6},"end":{"line":25,"column":9}},"7":{"start":{"line":18,"column":8},"end":{"line":22,"column":9}},"8":{"start":{"line":19,"column":10},"end":{"line":19,"column":31}},"9":{"start":{"line":21,"column":10},"end":{"line":21,"column":17}},"10":{"start":{"line":24,"column":8},"end":{"line":24,"column":29}},"11":{"start":{"line":27,"column":54},"end":{"line":27,"column":56}},"12":{"start":{"line":28,"column":54},"end":{"line":28,"column":56}},"13":{"start":{"line":29,"column":37},"end":{"line":29,"column":39}},"14":{"start":{"line":31,"column":6},"end":{"line":67,"column":9}},"15":{"start":{"line":33,"column":10},"end":{"line":35,"column":35}},"16":{"start":{"line":38,"column":10},"end":{"line":40,"column":35}},"17":{"start":{"line":43,"column":10},"end":{"line":43,"column":65}},"18":{"start":{"line":44,"column":37},"end":{"line":44,"column":63}},"19":{"start":{"line":46,"column":32},"end":{"line":46,"column":62}},"20":{"start":{"line":48,"column":44},"end":{"line":52,"column":9}},"21":{"start":{"line":53,"column":44},"end":{"line":57,"column":9}},"22":{"start":{"line":59,"column":8},"end":{"line":59,"column":40}},"23":{"start":{"line":60,"column":8},"end":{"line":60,"column":40}},"24":{"start":{"line":62,"column":8},"end":{"line":66,"column":11}},"25":{"start":{"line":69,"column":6},"end":{"line":69,"column":20}},"26":{"start":{"line":74,"column":27},"end":{"line":92,"column":3}},"27":{"start":{"line":76,"column":22},"end":{"line":76,"column":30}},"28":{"start":{"line":77,"column":37},"end":{"line":77,"column":39}},"29":{"start":{"line":78,"column":27},"end":{"line":78,"column":28}},"30":{"start":{"line":80,"column":6},"end":{"line":87,"column":49}},"31":{"start":{"line":81,"column":21},"end":{"line":81,"column":52}},"32":{"start":{"line":82,"column":24},"end":{"line":82,"column":55}},"33":{"start":{"line":82,"column":43},"end":{"line":82,"column":54}},"34":{"start":{"line":84,"column":8},"end":{"line":84,"column":35}},"35":{"start":{"line":85,"column":8},"end":{"line":85,"column":28}},"36":{"start":{"line":86,"column":8},"end":{"line":86,"column":41}},"37":{"start":{"line":89,"column":6},"end":{"line":89,"column":20}},"38":{"start":{"line":94,"column":2},"end":{"line":94,"column":44}}},"fnMap":{"0":{"name":"(anonymous_0)","decl":{"start":{"line":5,"column":17},"end":{"line":5,"column":18}},"loc":{"start":{"line":5,"column":31},"end":{"line":95,"column":1}},"line":5},"1":{"name":"(anonymous_1)","decl":{"start":{"line":7,"column":4},"end":{"line":7,"column":5}},"loc":{"start":{"line":7,"column":76},"end":{"line":70,"column":5}},"line":7},"2":{"name":"(anonymous_2)","decl":{"start":{"line":17,"column":23},"end":{"line":17,"column":24}},"loc":{"start":{"line":17,"column":41},"end":{"line":25,"column":7}},"line":17},"3":{"name":"(anonymous_3)","decl":{"start":{"line":31,"column":23},"end":{"line":31,"column":24}},"loc":{"start":{"line":31,"column":37},"end":{"line":67,"column":7}},"line":31},"4":{"name":"(anonymous_4)","decl":{"start":{"line":75,"column":4},"end":{"line":75,"column":5}},"loc":{"start":{"line":75,"column":76},"end":{"line":90,"column":5}},"line":75},"5":{"name":"(anonymous_5)","decl":{"start":{"line":82,"column":33},"end":{"line":82,"column":34}},"loc":{"start":{"line":82,"column":43},"end":{"line":82,"column":54}},"line":82}},"branchMap":{"0":{"loc":{"start":{"line":7,"column":27},"end":{"line":7,"column":71}},"type":"default-arg","locations":[{"start":{"line":7,"column":36},"end":{"line":7,"column":71}}],"line":7},"1":{"loc":{"start":{"line":8,"column":6},"end":{"line":12,"column":7}},"type":"if","locations":[{"start":{"line":8,"column":6},"end":{"line":12,"column":7}},{"start":{},"end":{}}],"line":8},"2":{"loc":{"start":{"line":18,"column":8},"end":{"line":22,"column":9}},"type":"if","locations":[{"start":{"line":18,"column":8},"end":{"line":22,"column":9}},{"start":{},"end":{}}],"line":18},"3":{"loc":{"start":{"line":65,"column":18},"end":{"line":65,"column":53}},"type":"cond-expr","locations":[{"start":{"line":65,"column":36},"end":{"line":65,"column":43}},{"start":{"line":65,"column":46},"end":{"line":65,"column":53}}],"line":65},"4":{"loc":{"start":{"line":75,"column":27},"end":{"line":75,"column":71}},"type":"default-arg","locations":[{"start":{"line":75,"column":36},"end":{"line":75,"column":71}}],"line":75},"5":{"loc":{"start":{"line":87,"column":15},"end":{"line":87,"column":47}},"type":"binary-expr","locations":[{"start":{"line":87,"column":15},"end":{"line":87,"column":31}},{"start":{"line":87,"column":35},"end":{"line":87,"column":47}}],"line":87}},"s":{"0":1,"1":1,"2":13,"3":3,"4":10,"5":10,"6":10,"7":28,"8":14,"9":14,"10":14,"11":10,"12":10,"13":10,"14":10,"15":14,"16":14,"17":14,"18":14,"19":14,"20":14,"21":14,"22":14,"23":14,"24":14,"25":10,"26":1,"27":5,"28":5,"29":5,"30":5,"31":8,"32":6,"33":9,"34":6,"35":6,"36":6,"37":3,"38":1},"f":{"0":1,"1":13,"2":28,"3":14,"4":5,"5":9},"b":{"0":[3],"1":[3,10],"2":[14,14],"3":[10,4],"4":[3],"5":[6,3]},"_coverageSchema":"1a1c01bbd47fc00a2c39e90264f33305004495a9","hash":"20f4548911c701c095343ceddffb3a43886f6df4"}
,"/Users/luanfv/Desktop/projects/NarutoShuriken/src/hooks/shinobis.tsx": {"path":"/Users/luanfv/Desktop/projects/NarutoShuriken/src/hooks/shinobis.tsx","statementMap":{"0":{"start":{"line":16,"column":24},"end":{"line":16,"column":65}},"1":{"start":{"line":18,"column":35},"end":{"line":65,"column":1}},"2":{"start":{"line":19,"column":18},"end":{"line":19,"column":30}},"3":{"start":{"line":21,"column":34},"end":{"line":21,"column":58}},"4":{"start":{"line":22,"column":30},"end":{"line":22,"column":58}},"5":{"start":{"line":24,"column":18},"end":{"line":27,"column":3}},"6":{"start":{"line":25,"column":20},"end":{"line":25,"column":65}},"7":{"start":{"line":25,"column":47},"end":{"line":25,"column":64}},"8":{"start":{"line":29,"column":22},"end":{"line":56,"column":15}},"9":{"start":{"line":30,"column":4},"end":{"line":55,"column":5}},"10":{"start":{"line":31,"column":23},"end":{"line":31,"column":58}},"11":{"start":{"line":33,"column":6},"end":{"line":35,"column":7}},"12":{"start":{"line":34,"column":8},"end":{"line":34,"column":22}},"13":{"start":{"line":37,"column":6},"end":{"line":37,"column":42}},"14":{"start":{"line":39,"column":6},"end":{"line":39,"column":28}},"15":{"start":{"line":40,"column":6},"end":{"line":40,"column":27}},"16":{"start":{"line":42,"column":6},"end":{"line":54,"column":40}},"17":{"start":{"line":45,"column":10},"end":{"line":50,"column":11}},"18":{"start":{"line":46,"column":12},"end":{"line":46,"column":34}},"19":{"start":{"line":47,"column":12},"end":{"line":47,"column":33}},"20":{"start":{"line":49,"column":12},"end":{"line":49,"column":19}},"21":{"start":{"line":52,"column":10},"end":{"line":52,"column":24}},"22":{"start":{"line":54,"column":21},"end":{"line":54,"column":38}},"23":{"start":{"line":58,"column":2},"end":{"line":58,"column":36}},"24":{"start":{"line":60,"column":2},"end":{"line":64,"column":4}},"25":{"start":{"line":67,"column":20},"end":{"line":75,"column":1}},"26":{"start":{"line":68,"column":18},"end":{"line":68,"column":45}},"27":{"start":{"line":70,"column":2},"end":{"line":72,"column":3}},"28":{"start":{"line":71,"column":4},"end":{"line":71,"column":75}},"29":{"start":{"line":74,"column":2},"end":{"line":74,"column":17}}},"fnMap":{"0":{"name":"(anonymous_0)","decl":{"start":{"line":18,"column":35},"end":{"line":18,"column":36}},"loc":{"start":{"line":18,"column":53},"end":{"line":65,"column":1}},"line":18},"1":{"name":"(anonymous_1)","decl":{"start":{"line":25,"column":4},"end":{"line":25,"column":5}},"loc":{"start":{"line":25,"column":20},"end":{"line":25,"column":65}},"line":25},"2":{"name":"(anonymous_2)","decl":{"start":{"line":25,"column":34},"end":{"line":25,"column":35}},"loc":{"start":{"line":25,"column":47},"end":{"line":25,"column":64}},"line":25},"3":{"name":"(anonymous_3)","decl":{"start":{"line":29,"column":34},"end":{"line":29,"column":35}},"loc":{"start":{"line":29,"column":46},"end":{"line":56,"column":3}},"line":29},"4":{"name":"(anonymous_4)","decl":{"start":{"line":44,"column":14},"end":{"line":44,"column":15}},"loc":{"start":{"line":44,"column":28},"end":{"line":53,"column":9}},"line":44},"5":{"name":"(anonymous_5)","decl":{"start":{"line":54,"column":15},"end":{"line":54,"column":16}},"loc":{"start":{"line":54,"column":21},"end":{"line":54,"column":38}},"line":54},"6":{"name":"(anonymous_6)","decl":{"start":{"line":67,"column":20},"end":{"line":67,"column":21}},"loc":{"start":{"line":67,"column":37},"end":{"line":75,"column":1}},"line":67}},"branchMap":{"0":{"loc":{"start":{"line":33,"column":6},"end":{"line":35,"column":7}},"type":"if","locations":[{"start":{"line":33,"column":6},"end":{"line":35,"column":7}},{"start":{},"end":{}}],"line":33},"1":{"loc":{"start":{"line":45,"column":10},"end":{"line":50,"column":11}},"type":"if","locations":[{"start":{"line":45,"column":10},"end":{"line":50,"column":11}},{"start":{},"end":{}}],"line":45},"2":{"loc":{"start":{"line":70,"column":2},"end":{"line":72,"column":3}},"type":"if","locations":[{"start":{"line":70,"column":2},"end":{"line":72,"column":3}},{"start":{},"end":{}}],"line":70}},"s":{"0":0,"1":0,"2":0,"3":0,"4":0,"5":0,"6":0,"7":0,"8":0,"9":0,"10":0,"11":0,"12":0,"13":0,"14":0,"15":0,"16":0,"17":0,"18":0,"19":0,"20":0,"21":0,"22":0,"23":0,"24":0,"25":0,"26":0,"27":0,"28":0,"29":0},"f":{"0":0,"1":0,"2":0,"3":0,"4":0,"5":0,"6":0},"b":{"0":[0,0],"1":[0,0],"2":[0,0]}}
,"/Users/luanfv/Desktop/projects/NarutoShuriken/src/hooks/storage.tsx": {"path":"/Users/luanfv/Desktop/projects/NarutoShuriken/src/hooks/storage.tsx","statementMap":{"0":{"start":{"line":8,"column":13},"end":{"line":8,"column":30}},"1":{"start":{"line":10,"column":19},"end":{"line":41,"column":1}},"2":{"start":{"line":11,"column":21},"end":{"line":15,"column":8}},"3":{"start":{"line":12,"column":21},"end":{"line":12,"column":67}},"4":{"start":{"line":14,"column":4},"end":{"line":14,"column":20}},"5":{"start":{"line":17,"column":21},"end":{"line":19,"column":8}},"6":{"start":{"line":18,"column":4},"end":{"line":18,"column":73}},"7":{"start":{"line":21,"column":22},"end":{"line":31,"column":18}},"8":{"start":{"line":22,"column":21},"end":{"line":22,"column":49}},"9":{"start":{"line":24,"column":4},"end":{"line":26,"column":5}},"10":{"start":{"line":25,"column":6},"end":{"line":25,"column":23}},"11":{"start":{"line":28,"column":21},"end":{"line":28,"column":55}},"12":{"start":{"line":30,"column":4},"end":{"line":30,"column":20}},"13":{"start":{"line":33,"column":22},"end":{"line":38,"column":3}},"14":{"start":{"line":35,"column":6},"end":{"line":35,"column":41}},"15":{"start":{"line":40,"column":2},"end":{"line":40,"column":38}}},"fnMap":{"0":{"name":"(anonymous_0)","decl":{"start":{"line":10,"column":19},"end":{"line":10,"column":20}},"loc":{"start":{"line":10,"column":35},"end":{"line":41,"column":1}},"line":10},"1":{"name":"(anonymous_1)","decl":{"start":{"line":11,"column":33},"end":{"line":11,"column":34}},"loc":{"start":{"line":11,"column":64},"end":{"line":15,"column":3}},"line":11},"2":{"name":"(anonymous_2)","decl":{"start":{"line":17,"column":33},"end":{"line":17,"column":34}},"loc":{"start":{"line":17,"column":75},"end":{"line":19,"column":3}},"line":17},"3":{"name":"(anonymous_3)","decl":{"start":{"line":21,"column":34},"end":{"line":21,"column":35}},"loc":{"start":{"line":21,"column":46},"end":{"line":31,"column":3}},"line":21},"4":{"name":"(anonymous_4)","decl":{"start":{"line":34,"column":4},"end":{"line":34,"column":5}},"loc":{"start":{"line":34,"column":32},"end":{"line":36,"column":5}},"line":34}},"branchMap":{"0":{"loc":{"start":{"line":24,"column":4},"end":{"line":26,"column":5}},"type":"if","locations":[{"start":{"line":24,"column":4},"end":{"line":26,"column":5}},{"start":{},"end":{}}],"line":24}},"s":{"0":0,"1":0,"2":0,"3":0,"4":0,"5":0,"6":0,"7":0,"8":0,"9":0,"10":0,"11":0,"12":0,"13":0,"14":0,"15":0},"f":{"0":0,"1":0,"2":0,"3":0,"4":0},"b":{"0":[0,0]}}
}
