{"/Users/luanfv/Desktop/projects/NarutoShuriken/src/helpers/index.ts": {"path":"/Users/luanfv/Desktop/projects/NarutoShuriken/src/helpers/index.ts","statementMap":{},"fnMap":{},"branchMap":{},"s":{},"f":{},"b":{},"_coverageSchema":"1a1c01bbd47fc00a2c39e90264f33305004495a9","hash":"cec9eadc203c80900ceacee169f0fc79a99b8b8c"}
,"/Users/luanfv/Desktop/projects/NarutoShuriken/src/helpers/sortObjects.ts": {"path":"/Users/luanfv/Desktop/projects/NarutoShuriken/src/helpers/sortObjects.ts","statementMap":{"0":{"start":{"line":1,"column":20},"end":{"line":15,"column":1}},"1":{"start":{"line":2,"column":2},"end":{"line":4,"column":3}},"2":{"start":{"line":3,"column":4},"end":{"line":3,"column":14}},"3":{"start":{"line":6,"column":2},"end":{"line":8,"column":3}},"4":{"start":{"line":7,"column":4},"end":{"line":7,"column":51}},"5":{"start":{"line":10,"column":19},"end":{"line":12,"column":4}},"6":{"start":{"line":11,"column":4},"end":{"line":11,"column":58}},"7":{"start":{"line":14,"column":2},"end":{"line":14,"column":18}}},"fnMap":{"0":{"name":"(anonymous_0)","decl":{"start":{"line":1,"column":20},"end":{"line":1,"column":21}},"loc":{"start":{"line":1,"column":51},"end":{"line":15,"column":1}},"line":1},"1":{"name":"(anonymous_1)","decl":{"start":{"line":10,"column":30},"end":{"line":10,"column":31}},"loc":{"start":{"line":10,"column":40},"end":{"line":12,"column":3}},"line":10}},"branchMap":{"0":{"loc":{"start":{"line":2,"column":2},"end":{"line":4,"column":3}},"type":"if","locations":[{"start":{"line":2,"column":2},"end":{"line":4,"column":3}},{"start":{},"end":{}}],"line":2},"1":{"loc":{"start":{"line":6,"column":2},"end":{"line":8,"column":3}},"type":"if","locations":[{"start":{"line":6,"column":2},"end":{"line":8,"column":3}},{"start":{},"end":{}}],"line":6},"2":{"loc":{"start":{"line":6,"column":6},"end":{"line":6,"column":76}},"type":"binary-expr","locations":[{"start":{"line":6,"column":6},"end":{"line":6,"column":39}},{"start":{"line":6,"column":43},"end":{"line":6,"column":76}}],"line":6},"3":{"loc":{"start":{"line":11,"column":11},"end":{"line":11,"column":57}},"type":"cond-expr","locations":[{"start":{"line":11,"column":29},"end":{"line":11,"column":30}},{"start":{"line":11,"column":33},"end":{"line":11,"column":57}}],"line":11},"4":{"loc":{"start":{"line":11,"column":33},"end":{"line":11,"column":57}},"type":"cond-expr","locations":[{"start":{"line":11,"column":51},"end":{"line":11,"column":53}},{"start":{"line":11,"column":56},"end":{"line":11,"column":57}}],"line":11}},"s":{"0":1,"1":0,"2":0,"3":0,"4":0,"5":0,"6":0,"7":0},"f":{"0":0,"1":0},"b":{"0":[0,0],"1":[0,0],"2":[0,0],"3":[0,0],"4":[0,0]},"_coverageSchema":"1a1c01bbd47fc00a2c39e90264f33305004495a9","hash":"db118a577d5041806ebadb112f3ca6de99ad26fb"}
,"/Users/luanfv/Desktop/projects/NarutoShuriken/src/hooks/index.tsx": {"path":"/Users/luanfv/Desktop/projects/NarutoShuriken/src/hooks/index.tsx","statementMap":{},"fnMap":{},"branchMap":{},"s":{},"f":{},"b":{},"_coverageSchema":"1a1c01bbd47fc00a2c39e90264f33305004495a9","hash":"55790983168c64b323bf67db9fc5c6329c6966ea"}
,"/Users/luanfv/Desktop/projects/NarutoShuriken/src/hooks/round.tsx": {"path":"/Users/luanfv/Desktop/projects/NarutoShuriken/src/hooks/round.tsx","statementMap":{"0":{"start":{"line":5,"column":17},"end":{"line":95,"column":1}},"1":{"start":{"line":6,"column":23},"end":{"line":72,"column":3}},"2":{"start":{"line":8,"column":6},"end":{"line":12,"column":7}},"3":{"start":{"line":9,"column":8},"end":{"line":11,"column":10}},"4":{"start":{"line":14,"column":35},"end":{"line":14,"column":37}},"5":{"start":{"line":15,"column":35},"end":{"line":15,"column":37}},"6":{"start":{"line":17,"column":6},"end":{"line":25,"column":9}},"7":{"start":{"line":18,"column":8},"end":{"line":22,"column":9}},"8":{"start":{"line":19,"column":10},"end":{"line":19,"column":31}},"9":{"start":{"line":21,"column":10},"end":{"line":21,"column":17}},"10":{"start":{"line":24,"column":8},"end":{"line":24,"column":29}},"11":{"start":{"line":27,"column":54},"end":{"line":27,"column":56}},"12":{"start":{"line":28,"column":54},"end":{"line":28,"column":56}},"13":{"start":{"line":29,"column":37},"end":{"line":29,"column":39}},"14":{"start":{"line":31,"column":6},"end":{"line":67,"column":9}},"15":{"start":{"line":33,"column":10},"end":{"line":35,"column":35}},"16":{"start":{"line":38,"column":10},"end":{"line":40,"column":35}},"17":{"start":{"line":43,"column":10},"end":{"line":43,"column":65}},"18":{"start":{"line":44,"column":37},"end":{"line":44,"column":63}},"19":{"start":{"line":46,"column":32},"end":{"line":46,"column":62}},"20":{"start":{"line":48,"column":44},"end":{"line":52,"column":9}},"21":{"start":{"line":53,"column":44},"end":{"line":57,"column":9}},"22":{"start":{"line":59,"column":8},"end":{"line":59,"column":40}},"23":{"start":{"line":60,"column":8},"end":{"line":60,"column":40}},"24":{"start":{"line":62,"column":8},"end":{"line":66,"column":11}},"25":{"start":{"line":69,"column":6},"end":{"line":69,"column":20}},"26":{"start":{"line":74,"column":27},"end":{"line":92,"column":3}},"27":{"start":{"line":76,"column":22},"end":{"line":76,"column":30}},"28":{"start":{"line":77,"column":37},"end":{"line":77,"column":39}},"29":{"start":{"line":78,"column":27},"end":{"line":78,"column":28}},"30":{"start":{"line":80,"column":6},"end":{"line":87,"column":49}},"31":{"start":{"line":81,"column":21},"end":{"line":81,"column":52}},"32":{"start":{"line":82,"column":24},"end":{"line":82,"column":55}},"33":{"start":{"line":82,"column":43},"end":{"line":82,"column":54}},"34":{"start":{"line":84,"column":8},"end":{"line":84,"column":35}},"35":{"start":{"line":85,"column":8},"end":{"line":85,"column":28}},"36":{"start":{"line":86,"column":8},"end":{"line":86,"column":41}},"37":{"start":{"line":89,"column":6},"end":{"line":89,"column":20}},"38":{"start":{"line":94,"column":2},"end":{"line":94,"column":44}}},"fnMap":{"0":{"name":"(anonymous_0)","decl":{"start":{"line":5,"column":17},"end":{"line":5,"column":18}},"loc":{"start":{"line":5,"column":31},"end":{"line":95,"column":1}},"line":5},"1":{"name":"(anonymous_1)","decl":{"start":{"line":7,"column":4},"end":{"line":7,"column":5}},"loc":{"start":{"line":7,"column":76},"end":{"line":70,"column":5}},"line":7},"2":{"name":"(anonymous_2)","decl":{"start":{"line":17,"column":23},"end":{"line":17,"column":24}},"loc":{"start":{"line":17,"column":41},"end":{"line":25,"column":7}},"line":17},"3":{"name":"(anonymous_3)","decl":{"start":{"line":31,"column":23},"end":{"line":31,"column":24}},"loc":{"start":{"line":31,"column":37},"end":{"line":67,"column":7}},"line":31},"4":{"name":"(anonymous_4)","decl":{"start":{"line":75,"column":4},"end":{"line":75,"column":5}},"loc":{"start":{"line":75,"column":76},"end":{"line":90,"column":5}},"line":75},"5":{"name":"(anonymous_5)","decl":{"start":{"line":82,"column":33},"end":{"line":82,"column":34}},"loc":{"start":{"line":82,"column":43},"end":{"line":82,"column":54}},"line":82}},"branchMap":{"0":{"loc":{"start":{"line":7,"column":27},"end":{"line":7,"column":71}},"type":"default-arg","locations":[{"start":{"line":7,"column":36},"end":{"line":7,"column":71}}],"line":7},"1":{"loc":{"start":{"line":8,"column":6},"end":{"line":12,"column":7}},"type":"if","locations":[{"start":{"line":8,"column":6},"end":{"line":12,"column":7}},{"start":{},"end":{}}],"line":8},"2":{"loc":{"start":{"line":18,"column":8},"end":{"line":22,"column":9}},"type":"if","locations":[{"start":{"line":18,"column":8},"end":{"line":22,"column":9}},{"start":{},"end":{}}],"line":18},"3":{"loc":{"start":{"line":65,"column":18},"end":{"line":65,"column":53}},"type":"cond-expr","locations":[{"start":{"line":65,"column":36},"end":{"line":65,"column":43}},{"start":{"line":65,"column":46},"end":{"line":65,"column":53}}],"line":65},"4":{"loc":{"start":{"line":75,"column":27},"end":{"line":75,"column":71}},"type":"default-arg","locations":[{"start":{"line":75,"column":36},"end":{"line":75,"column":71}}],"line":75},"5":{"loc":{"start":{"line":87,"column":15},"end":{"line":87,"column":47}},"type":"binary-expr","locations":[{"start":{"line":87,"column":15},"end":{"line":87,"column":31}},{"start":{"line":87,"column":35},"end":{"line":87,"column":47}}],"line":87}},"s":{"0":2,"1":1,"2":13,"3":3,"4":10,"5":10,"6":10,"7":28,"8":14,"9":14,"10":14,"11":10,"12":10,"13":10,"14":10,"15":14,"16":14,"17":14,"18":14,"19":14,"20":14,"21":14,"22":14,"23":14,"24":14,"25":10,"26":1,"27":5,"28":5,"29":5,"30":5,"31":8,"32":6,"33":9,"34":6,"35":6,"36":6,"37":3,"38":1},"f":{"0":1,"1":13,"2":28,"3":14,"4":5,"5":9},"b":{"0":[3],"1":[3,10],"2":[14,14],"3":[9,5],"4":[3],"5":[6,3]},"_coverageSchema":"1a1c01bbd47fc00a2c39e90264f33305004495a9","hash":"20f4548911c701c095343ceddffb3a43886f6df4"}
,"/Users/luanfv/Desktop/projects/NarutoShuriken/src/hooks/shinobis.tsx": {"path":"/Users/luanfv/Desktop/projects/NarutoShuriken/src/hooks/shinobis.tsx","statementMap":{"0":{"start":{"line":15,"column":20},"end":{"line":59,"column":1}},"1":{"start":{"line":16,"column":18},"end":{"line":16,"column":30}},"2":{"start":{"line":18,"column":34},"end":{"line":18,"column":58}},"3":{"start":{"line":19,"column":30},"end":{"line":19,"column":58}},"4":{"start":{"line":21,"column":18},"end":{"line":24,"column":3}},"5":{"start":{"line":22,"column":20},"end":{"line":22,"column":65}},"6":{"start":{"line":22,"column":47},"end":{"line":22,"column":64}},"7":{"start":{"line":26,"column":22},"end":{"line":50,"column":15}},"8":{"start":{"line":27,"column":4},"end":{"line":49,"column":5}},"9":{"start":{"line":28,"column":23},"end":{"line":28,"column":58}},"10":{"start":{"line":30,"column":6},"end":{"line":32,"column":7}},"11":{"start":{"line":31,"column":8},"end":{"line":31,"column":22}},"12":{"start":{"line":34,"column":6},"end":{"line":34,"column":42}},"13":{"start":{"line":36,"column":6},"end":{"line":36,"column":28}},"14":{"start":{"line":37,"column":6},"end":{"line":37,"column":27}},"15":{"start":{"line":39,"column":23},"end":{"line":39,"column":50}},"16":{"start":{"line":41,"column":6},"end":{"line":45,"column":7}},"17":{"start":{"line":42,"column":8},"end":{"line":42,"column":26}},"18":{"start":{"line":44,"column":8},"end":{"line":44,"column":15}},"19":{"start":{"line":47,"column":6},"end":{"line":47,"column":28}},"20":{"start":{"line":48,"column":6},"end":{"line":48,"column":27}},"21":{"start":{"line":52,"column":2},"end":{"line":56,"column":9}},"22":{"start":{"line":53,"column":4},"end":{"line":53,"column":18}},"23":{"start":{"line":58,"column":2},"end":{"line":58,"column":39}}},"fnMap":{"0":{"name":"(anonymous_0)","decl":{"start":{"line":15,"column":20},"end":{"line":15,"column":21}},"loc":{"start":{"line":15,"column":37},"end":{"line":59,"column":1}},"line":15},"1":{"name":"(anonymous_1)","decl":{"start":{"line":22,"column":4},"end":{"line":22,"column":5}},"loc":{"start":{"line":22,"column":20},"end":{"line":22,"column":65}},"line":22},"2":{"name":"(anonymous_2)","decl":{"start":{"line":22,"column":34},"end":{"line":22,"column":35}},"loc":{"start":{"line":22,"column":47},"end":{"line":22,"column":64}},"line":22},"3":{"name":"(anonymous_3)","decl":{"start":{"line":26,"column":34},"end":{"line":26,"column":35}},"loc":{"start":{"line":26,"column":46},"end":{"line":50,"column":3}},"line":26},"4":{"name":"(anonymous_4)","decl":{"start":{"line":52,"column":12},"end":{"line":52,"column":13}},"loc":{"start":{"line":52,"column":18},"end":{"line":56,"column":3}},"line":52}},"branchMap":{"0":{"loc":{"start":{"line":30,"column":6},"end":{"line":32,"column":7}},"type":"if","locations":[{"start":{"line":30,"column":6},"end":{"line":32,"column":7}},{"start":{},"end":{}}],"line":30},"1":{"loc":{"start":{"line":41,"column":6},"end":{"line":45,"column":7}},"type":"if","locations":[{"start":{"line":41,"column":6},"end":{"line":45,"column":7}},{"start":{},"end":{}}],"line":41}},"s":{"0":1,"1":10,"2":10,"3":10,"4":10,"5":2,"6":1,"7":10,"8":4,"9":4,"10":4,"11":2,"12":2,"13":2,"14":2,"15":2,"16":2,"17":2,"18":2,"19":0,"20":0,"21":10,"22":4,"23":10},"f":{"0":10,"1":2,"2":1,"3":4,"4":4},"b":{"0":[2,2],"1":[2,0]},"_coverageSchema":"1a1c01bbd47fc00a2c39e90264f33305004495a9","hash":"7e6067cf9c105692e3a564671d70c5ad79e584d7"}
,"/Users/luanfv/Desktop/projects/NarutoShuriken/src/hooks/storage.tsx": {"path":"/Users/luanfv/Desktop/projects/NarutoShuriken/src/hooks/storage.tsx","statementMap":{"0":{"start":{"line":8,"column":13},"end":{"line":8,"column":30}},"1":{"start":{"line":10,"column":19},"end":{"line":51,"column":1}},"2":{"start":{"line":11,"column":21},"end":{"line":15,"column":8}},"3":{"start":{"line":12,"column":21},"end":{"line":12,"column":67}},"4":{"start":{"line":14,"column":4},"end":{"line":14,"column":20}},"5":{"start":{"line":17,"column":21},"end":{"line":19,"column":8}},"6":{"start":{"line":18,"column":4},"end":{"line":18,"column":73}},"7":{"start":{"line":21,"column":22},"end":{"line":35,"column":18}},"8":{"start":{"line":22,"column":4},"end":{"line":34,"column":5}},"9":{"start":{"line":23,"column":23},"end":{"line":23,"column":51}},"10":{"start":{"line":25,"column":6},"end":{"line":27,"column":7}},"11":{"start":{"line":26,"column":8},"end":{"line":26,"column":26}},"12":{"start":{"line":29,"column":23},"end":{"line":29,"column":57}},"13":{"start":{"line":31,"column":6},"end":{"line":31,"column":22}},"14":{"start":{"line":33,"column":6},"end":{"line":33,"column":16}},"15":{"start":{"line":37,"column":22},"end":{"line":48,"column":3}},"16":{"start":{"line":39,"column":6},"end":{"line":45,"column":7}},"17":{"start":{"line":40,"column":8},"end":{"line":40,"column":43}},"18":{"start":{"line":42,"column":8},"end":{"line":42,"column":20}},"19":{"start":{"line":44,"column":8},"end":{"line":44,"column":21}},"20":{"start":{"line":50,"column":2},"end":{"line":50,"column":38}}},"fnMap":{"0":{"name":"(anonymous_0)","decl":{"start":{"line":10,"column":19},"end":{"line":10,"column":20}},"loc":{"start":{"line":10,"column":35},"end":{"line":51,"column":1}},"line":10},"1":{"name":"(anonymous_1)","decl":{"start":{"line":11,"column":33},"end":{"line":11,"column":34}},"loc":{"start":{"line":11,"column":64},"end":{"line":15,"column":3}},"line":11},"2":{"name":"(anonymous_2)","decl":{"start":{"line":17,"column":33},"end":{"line":17,"column":34}},"loc":{"start":{"line":17,"column":75},"end":{"line":19,"column":3}},"line":17},"3":{"name":"(anonymous_3)","decl":{"start":{"line":21,"column":34},"end":{"line":21,"column":35}},"loc":{"start":{"line":21,"column":46},"end":{"line":35,"column":3}},"line":21},"4":{"name":"(anonymous_4)","decl":{"start":{"line":38,"column":4},"end":{"line":38,"column":5}},"loc":{"start":{"line":38,"column":32},"end":{"line":46,"column":5}},"line":38}},"branchMap":{"0":{"loc":{"start":{"line":25,"column":6},"end":{"line":27,"column":7}},"type":"if","locations":[{"start":{"line":25,"column":6},"end":{"line":27,"column":7}},{"start":{},"end":{}}],"line":25}},"s":{"0":2,"1":2,"2":11,"3":4,"4":2,"5":11,"6":3,"7":11,"8":4,"9":4,"10":2,"11":1,"12":1,"13":1,"14":3,"15":11,"16":3,"17":3,"18":1,"19":2,"20":11},"f":{"0":11,"1":4,"2":3,"3":4,"4":3},"b":{"0":[1,1]},"_coverageSchema":"1a1c01bbd47fc00a2c39e90264f33305004495a9","hash":"06487e69a26ab4c6859707ab90736e5cffc37de4"}
}
