TN:
SF:src/helpers/index.ts
FNF:0
FNH:0
LF:0
LH:0
BRF:0
BRH:0
end_of_record
TN:
SF:src/helpers/sortObjects.ts
FN:1,(anonymous_0)
FN:10,(anonymous_1)
FNF:2
FNH:0
FNDA:0,(anonymous_0)
FNDA:0,(anonymous_1)
DA:1,1
DA:2,0
DA:3,0
DA:6,0
DA:7,0
DA:10,0
DA:11,0
DA:14,0
LF:8
LH:1
BRDA:2,0,0,0
BRDA:2,0,1,0
BRDA:6,1,0,0
BRDA:6,1,1,0
BRDA:6,2,0,0
BRDA:6,2,1,0
BRDA:11,3,0,0
BRDA:11,3,1,0
BRDA:11,4,0,0
BRDA:11,4,1,0
BRF:10
BRH:0
end_of_record
TN:
SF:src/hooks/index.tsx
FNF:0
FNH:0
LF:0
LH:0
BRF:0
BRH:0
end_of_record
TN:
SF:src/hooks/round.tsx
FN:5,(anonymous_0)
FN:7,(anonymous_1)
FN:17,(anonymous_2)
FN:31,(anonymous_3)
FN:75,(anonymous_4)
FN:82,(anonymous_5)
FNF:6
FNH:6
FNDA:1,(anonymous_0)
FNDA:13,(anonymous_1)
FNDA:28,(anonymous_2)
FNDA:14,(anonymous_3)
FNDA:5,(anonymous_4)
FNDA:9,(anonymous_5)
DA:5,2
DA:6,1
DA:8,13
DA:9,3
DA:14,10
DA:15,10
DA:17,10
DA:18,28
DA:19,14
DA:21,14
DA:24,14
DA:27,10
DA:28,10
DA:29,10
DA:31,10
DA:33,14
DA:38,14
DA:43,14
DA:44,14
DA:46,14
DA:48,14
DA:53,14
DA:59,14
DA:60,14
DA:62,14
DA:69,10
DA:74,1
DA:76,5
DA:77,5
DA:78,5
DA:80,5
DA:81,8
DA:82,9
DA:84,6
DA:85,6
DA:86,6
DA:89,3
DA:94,1
LF:38
LH:38
BRDA:7,0,0,3
BRDA:8,1,0,3
BRDA:8,1,1,10
BRDA:18,2,0,14
BRDA:18,2,1,14
BRDA:65,3,0,9
BRDA:65,3,1,5
BRDA:75,4,0,3
BRDA:87,5,0,6
BRDA:87,5,1,3
BRF:10
BRH:10
end_of_record
TN:
SF:src/hooks/shinobis.tsx
FN:15,(anonymous_0)
FN:22,(anonymous_1)
FN:22,(anonymous_2)
FN:26,(anonymous_3)
FN:52,(anonymous_4)
FNF:5
FNH:5
FNDA:10,(anonymous_0)
FNDA:2,(anonymous_1)
FNDA:1,(anonymous_2)
FNDA:4,(anonymous_3)
FNDA:4,(anonymous_4)
DA:15,1
DA:16,10
DA:18,10
DA:19,10
DA:21,10
DA:22,2
DA:26,10
DA:27,4
DA:28,4
DA:30,4
DA:31,2
DA:34,2
DA:36,2
DA:37,2
DA:39,2
DA:41,2
DA:42,2
DA:44,2
DA:47,0
DA:48,0
DA:52,10
DA:53,4
DA:58,10
LF:23
LH:21
BRDA:30,0,0,2
BRDA:30,0,1,2
BRDA:41,1,0,2
BRDA:41,1,1,0
BRF:4
BRH:3
end_of_record
TN:
SF:src/hooks/storage.tsx
FN:10,(anonymous_0)
FN:11,(anonymous_1)
FN:17,(anonymous_2)
FN:21,(anonymous_3)
FN:38,(anonymous_4)
FNF:5
FNH:5
FNDA:11,(anonymous_0)
FNDA:4,(anonymous_1)
FNDA:3,(anonymous_2)
FNDA:4,(anonymous_3)
FNDA:3,(anonymous_4)
DA:8,2
DA:10,2
DA:11,11
DA:12,4
DA:14,2
DA:17,11
DA:18,3
DA:21,11
DA:22,4
DA:23,4
DA:25,2
DA:26,1
DA:29,1
DA:31,1
DA:33,3
DA:37,11
DA:39,3
DA:40,3
DA:42,1
DA:44,2
DA:50,11
LF:21
LH:21
BRDA:25,0,0,1
BRDA:25,0,1,1
BRF:2
BRH:2
end_of_record
