TN:
SF:src/helpers/index.ts
FNF:0
FNH:0
LF:0
LH:0
BRF:0
BRH:0
end_of_record
TN:
SF:src/helpers/sortObjects.ts
FN:1,(anonymous_0)
FN:10,(anonymous_1)
FNF:2
FNH:0
FNDA:0,(anonymous_0)
FNDA:0,(anonymous_1)
DA:1,0
DA:2,0
DA:3,0
DA:6,0
DA:7,0
DA:10,0
DA:11,0
DA:14,0
LF:8
LH:0
BRDA:2,0,0,0
BRDA:2,0,1,0
BRDA:6,1,0,0
BRDA:6,1,1,0
BRDA:6,2,0,0
BRDA:6,2,1,0
BRDA:11,3,0,0
BRDA:11,3,1,0
BRDA:11,4,0,0
BRDA:11,4,1,0
BRF:10
BRH:0
end_of_record
TN:
SF:src/hooks/index.tsx
FNF:0
FNH:0
LF:0
LH:0
BRF:0
BRH:0
end_of_record
TN:
SF:src/hooks/round.tsx
FN:5,(anonymous_0)
FN:7,(anonymous_1)
FN:17,(anonymous_2)
FN:31,(anonymous_3)
FN:75,(anonymous_4)
FN:82,(anonymous_5)
FNF:6
FNH:6
FNDA:1,(anonymous_0)
FNDA:12,(anonymous_1)
FNDA:28,(anonymous_2)
FNDA:14,(anonymous_3)
FNDA:4,(anonymous_4)
FNDA:9,(anonymous_5)
DA:5,1
DA:6,1
DA:8,12
DA:9,2
DA:14,10
DA:15,10
DA:17,10
DA:18,28
DA:19,14
DA:21,14
DA:24,14
DA:27,10
DA:28,10
DA:29,10
DA:31,10
DA:33,14
DA:38,14
DA:43,14
DA:44,14
DA:46,14
DA:48,14
DA:53,14
DA:59,14
DA:60,14
DA:62,14
DA:69,10
DA:74,1
DA:76,4
DA:77,4
DA:78,4
DA:80,4
DA:81,7
DA:82,9
DA:84,6
DA:85,6
DA:86,6
DA:89,3
DA:94,1
LF:38
LH:38
BRDA:7,0,0,3
BRDA:8,1,0,2
BRDA:8,1,1,10
BRDA:18,2,0,14
BRDA:18,2,1,14
BRDA:65,3,0,4
BRDA:65,3,1,10
BRDA:75,4,0,2
BRDA:87,5,0,6
BRDA:87,5,1,3
BRF:10
BRH:10
end_of_record
TN:
SF:src/hooks/shinobis.tsx
FN:18,(anonymous_0)
FN:25,(anonymous_1)
FN:25,(anonymous_2)
FN:29,(anonymous_3)
FN:44,(anonymous_4)
FN:54,(anonymous_5)
FN:67,(anonymous_6)
FNF:7
FNH:0
FNDA:0,(anonymous_0)
FNDA:0,(anonymous_1)
FNDA:0,(anonymous_2)
FNDA:0,(anonymous_3)
FNDA:0,(anonymous_4)
FNDA:0,(anonymous_5)
FNDA:0,(anonymous_6)
DA:16,0
DA:18,0
DA:19,0
DA:21,0
DA:22,0
DA:24,0
DA:25,0
DA:29,0
DA:30,0
DA:31,0
DA:33,0
DA:34,0
DA:37,0
DA:39,0
DA:40,0
DA:42,0
DA:45,0
DA:46,0
DA:47,0
DA:49,0
DA:52,0
DA:54,0
DA:58,0
DA:60,0
DA:67,0
DA:68,0
DA:70,0
DA:71,0
DA:74,0
LF:29
LH:0
BRDA:33,0,0,0
BRDA:33,0,1,0
BRDA:45,1,0,0
BRDA:45,1,1,0
BRDA:70,2,0,0
BRDA:70,2,1,0
BRF:6
BRH:0
end_of_record
TN:
SF:src/hooks/storage.tsx
FN:10,(anonymous_0)
FN:11,(anonymous_1)
FN:17,(anonymous_2)
FN:21,(anonymous_3)
FN:34,(anonymous_4)
FNF:5
FNH:0
FNDA:0,(anonymous_0)
FNDA:0,(anonymous_1)
FNDA:0,(anonymous_2)
FNDA:0,(anonymous_3)
FNDA:0,(anonymous_4)
DA:8,0
DA:10,0
DA:11,0
DA:12,0
DA:14,0
DA:17,0
DA:18,0
DA:21,0
DA:22,0
DA:24,0
DA:25,0
DA:28,0
DA:30,0
DA:33,0
DA:35,0
DA:40,0
LF:16
LH:0
BRDA:24,0,0,0
BRDA:24,0,1,0
BRF:2
BRH:0
end_of_record
